Using pre-set license
Built from '2021.1/staging' branch; Version is '2021.1.3f1 (4bef613afd59) revision 4976481'; Using compiler version '192528614'; Build Type 'Release'
OS: 'Windows 10 Home; OS build 19042.1348; Version 2009; 64bit' Language: 'ru' Physical Memory: 8134 MB
BatchMode: 1, IsHumanControllingUs: 0, StartBugReporterOnCrash: 0, Is64bit: 1, IsPro: 0

 COMMAND LINE ARGUMENTS:
F:\Unity\2021.1.3f1\Editor\Unity.exe
-adb2
-batchMode
-noUpm
-name
AssetImportWorker7
-projectPath
C:/GitHub/TeamBlue_Asteroids
-logFile
Logs/AssetImportWorker7.log
-srvPort
54519
Successfully changed project path to: C:/GitHub/TeamBlue_Asteroids
C:/GitHub/TeamBlue_Asteroids
Using Asset Import Pipeline V2.
Refreshing native plugins compatible for Editor in 211.56 ms, found 1 plugins.
Preloading 0 native plugins for Editor in 0.00 ms.
Initialize engine version: 2021.1.3f1 (4bef613afd59)
[Subsystems] Discovering subsystems at path F:/Unity/2021.1.3f1/Editor/Data/Resources/UnitySubsystems
[Subsystems] Discovering subsystems at path C:/GitHub/TeamBlue_Asteroids/Assets
GfxDevice: creating device client; threaded=0; jobified=0
Direct3D:
    Version:  Direct3D 11.0 [level 11.1]
    Renderer: Radeon RX550/550 Series (ID=0x67ff)
    Vendor:   ATI
    VRAM:     2027 MB
    Driver:   27.20.1034.6
Shader 'Universal Render Pipeline/Particles/Lit': fallback shader 'Universal Render Pipeline/Particles/SimpleLit' not found
Initialize mono
Mono path[0] = 'F:/Unity/2021.1.3f1/Editor/Data/Managed'
Mono path[1] = 'F:/Unity/2021.1.3f1/Editor/Data/MonoBleedingEdge/lib/mono/unityjit'
Mono config path = 'F:/Unity/2021.1.3f1/Editor/Data/MonoBleedingEdge/etc'
Using monoOptions --debugger-agent=transport=dt_socket,embedding=1,server=y,suspend=n,address=127.0.0.1:56036
Begin MonoManager ReloadAssembly
Registering precompiled unity dll's ...
Register platform support module: F:/Unity/2021.1.3f1/Editor/Data/PlaybackEngines/WindowsStandaloneSupport/UnityEditor.WindowsStandalone.Extensions.dll
Registered in 0.065906 seconds.
Native extension for WindowsStandalone target not found
Refreshing native plugins compatible for Editor in 166.90 ms, found 1 plugins.
Preloading 0 native plugins for Editor in 0.00 ms.
Mono: successfully reloaded assembly
- Completed reload, in  9.214 seconds
Platform modules already initialized, skipping
Registering precompiled user dll's ...
Registered in 0.011679 seconds.
Begin MonoManager ReloadAssembly
Native extension for WindowsStandalone target not found
Refreshing native plugins compatible for Editor in 213.46 ms, found 1 plugins.
Preloading 0 native plugins for Editor in 0.00 ms.
Mono: successfully reloaded assembly
- Completed reload, in  2.533 seconds
Platform modules already initialized, skipping
========================================================================
Worker process is ready to serve import requests
Shader 'Universal Render Pipeline/Particles/Lit': fallback shader 'Universal Render Pipeline/Particles/SimpleLit' not found
Launched and connected shader compiler UnityShaderCompiler.exe after 0.22 seconds
Refreshing native plugins compatible for Editor in 1.06 ms, found 1 plugins.
Preloading 0 native plugins for Editor in 0.00 ms.
Unloading 4002 Unused Serialized files (Serialized files now loaded: 0)
System memory in use before: 158.4 MB.
System memory in use after: 158.6 MB.

Unloading 14 unused Assets to reduce memory usage. Loaded Objects now: 4454.
Total: 4.488600 ms (FindLiveObjects: 0.527300 ms CreateObjectMapping: 0.491800 ms MarkObjects: 3.360900 ms  DeleteObjects: 0.105900 ms)

========================================================================
Received Import Request.
  path: Assets/Scripts/View/PlayerAttack.cs
  artifactKey: Guid(19ae652f80683bd42854b48e2e16144e) Importer(815301076,1909f56bfc062723c751e8b465ee728b)
Start importing Assets/Scripts/View/PlayerAttack.cs using Guid(19ae652f80683bd42854b48e2e16144e) Importer(815301076,1909f56bfc062723c751e8b465ee728b)  -> (artifact id: 'd91ddf4b6bc68bd38d0de49893e5597c') in 0.144243 seconds 
========================================================================
Received Import Request.
  Time since last request: 467.632781 seconds.
  path: Assets/Scripts/View/PlayerAttack.cs
  artifactKey: Guid(19ae652f80683bd42854b48e2e16144e) Importer(815301076,1909f56bfc062723c751e8b465ee728b)
Start importing Assets/Scripts/View/PlayerAttack.cs using Guid(19ae652f80683bd42854b48e2e16144e) Importer(815301076,1909f56bfc062723c751e8b465ee728b)  -> (artifact id: 'f18db65da5306419c3bd2e1684a656aa') in 0.074452 seconds 
========================================================================
Received Prepare
Registering precompiled user dll's ...
Registered in 0.104319 seconds.
Begin MonoManager ReloadAssembly
Native extension for WindowsStandalone target not found
Refreshing native plugins compatible for Editor in 0.97 ms, found 1 plugins.
Preloading 0 native plugins for Editor in 0.00 ms.
Mono: successfully reloaded assembly
- Completed reload, in  2.364 seconds
Platform modules already initialized, skipping
Shader 'Universal Render Pipeline/Particles/Lit': fallback shader 'Universal Render Pipeline/Particles/SimpleLit' not found
Refreshing native plugins compatible for Editor in 0.98 ms, found 1 plugins.
Preloading 0 native plugins for Editor in 0.00 ms.
Unloading 3893 Unused Serialized files (Serialized files now loaded: 0)
System memory in use before: 151.3 MB.
System memory in use after: 151.6 MB.

Unloading 9 unused Assets to reduce memory usage. Loaded Objects now: 4457.
Total: 10.128000 ms (FindLiveObjects: 2.782100 ms CreateObjectMapping: 1.346500 ms MarkObjects: 5.963500 ms  DeleteObjects: 0.033300 ms)

========================================================================
Received Prepare
Registering precompiled user dll's ...
Registered in 0.009870 seconds.
Begin MonoManager ReloadAssembly
Native extension for WindowsStandalone target not found
Refreshing native plugins compatible for Editor in 1.12 ms, found 1 plugins.
Preloading 0 native plugins for Editor in 0.00 ms.
Mono: successfully reloaded assembly
- Completed reload, in  2.652 seconds
Platform modules already initialized, skipping
Shader 'Universal Render Pipeline/Particles/Lit': fallback shader 'Universal Render Pipeline/Particles/SimpleLit' not found
Refreshing native plugins compatible for Editor in 0.89 ms, found 1 plugins.
Preloading 0 native plugins for Editor in 0.00 ms.
Unloading 3893 Unused Serialized files (Serialized files now loaded: 0)
System memory in use before: 151.4 MB.
System memory in use after: 151.6 MB.

Unloading 9 unused Assets to reduce memory usage. Loaded Objects now: 4460.
Total: 5.143700 ms (FindLiveObjects: 0.487900 ms CreateObjectMapping: 0.929900 ms MarkObjects: 3.698000 ms  DeleteObjects: 0.025600 ms)

========================================================================
Received Import Request.
  Time since last request: 248.746146 seconds.
  path: Assets/Scripts/View/PlayerAttack.cs
  artifactKey: Guid(19ae652f80683bd42854b48e2e16144e) Importer(815301076,1909f56bfc062723c751e8b465ee728b)
Start importing Assets/Scripts/View/PlayerAttack.cs using Guid(19ae652f80683bd42854b48e2e16144e) Importer(815301076,1909f56bfc062723c751e8b465ee728b)  -> (artifact id: '4d349566226fc6b9123948563505b30c') in 0.075424 seconds 
========================================================================
Received Prepare
Registering precompiled user dll's ...
Registered in 0.122078 seconds.
Begin MonoManager ReloadAssembly
Native extension for WindowsStandalone target not found
Refreshing native plugins compatible for Editor in 1.00 ms, found 1 plugins.
Preloading 0 native plugins for Editor in 0.00 ms.
Mono: successfully reloaded assembly
- Completed reload, in  2.731 seconds
Platform modules already initialized, skipping
Shader 'Universal Render Pipeline/Particles/Lit': fallback shader 'Universal Render Pipeline/Particles/SimpleLit' not found
Refreshing native plugins compatible for Editor in 0.93 ms, found 1 plugins.
Preloading 0 native plugins for Editor in 0.00 ms.
Unloading 3893 Unused Serialized files (Serialized files now loaded: 0)
System memory in use before: 151.4 MB.
System memory in use after: 151.7 MB.

Unloading 9 unused Assets to reduce memory usage. Loaded Objects now: 4463.
Total: 5.046200 ms (FindLiveObjects: 1.690200 ms CreateObjectMapping: 0.469800 ms MarkObjects: 2.859100 ms  DeleteObjects: 0.025200 ms)

========================================================================
Received Import Request.
  Time since last request: 31.931397 seconds.
  path: Assets/Scripts/View/PlayerAttack.cs
  artifactKey: Guid(19ae652f80683bd42854b48e2e16144e) Importer(815301076,1909f56bfc062723c751e8b465ee728b)
Start importing Assets/Scripts/View/PlayerAttack.cs using Guid(19ae652f80683bd42854b48e2e16144e) Importer(815301076,1909f56bfc062723c751e8b465ee728b)  -> (artifact id: '41f3f1582869e88c2101ba107e6d3ee8') in 0.022604 seconds 
========================================================================
Received Prepare
Registering precompiled user dll's ...
Registered in 0.005153 seconds.
Begin MonoManager ReloadAssembly
Native extension for WindowsStandalone target not found
Refreshing native plugins compatible for Editor in 1.48 ms, found 1 plugins.
Preloading 0 native plugins for Editor in 0.00 ms.
Mono: successfully reloaded assembly
- Completed reload, in  3.266 seconds
Platform modules already initialized, skipping
Shader 'Universal Render Pipeline/Particles/Lit': fallback shader 'Universal Render Pipeline/Particles/SimpleLit' not found
Refreshing native plugins compatible for Editor in 0.92 ms, found 1 plugins.
Preloading 0 native plugins for Editor in 0.00 ms.
Unloading 3893 Unused Serialized files (Serialized files now loaded: 0)
System memory in use before: 151.4 MB.
System memory in use after: 151.7 MB.

Unloading 9 unused Assets to reduce memory usage. Loaded Objects now: 4466.
Total: 3.522800 ms (FindLiveObjects: 0.361500 ms CreateObjectMapping: 0.200900 ms MarkObjects: 2.934400 ms  DeleteObjects: 0.024100 ms)

========================================================================
Received Import Request.
  Time since last request: 34.887711 seconds.
  path: Assets/Scripts/View/PlayerAttack.cs
  artifactKey: Guid(19ae652f80683bd42854b48e2e16144e) Importer(815301076,1909f56bfc062723c751e8b465ee728b)
Start importing Assets/Scripts/View/PlayerAttack.cs using Guid(19ae652f80683bd42854b48e2e16144e) Importer(815301076,1909f56bfc062723c751e8b465ee728b)  -> (artifact id: '5b3f452bedfa2586af7c5673b41087c5') in 0.120469 seconds 
========================================================================
Received Prepare
Registering precompiled user dll's ...
Registered in 0.013549 seconds.
Begin MonoManager ReloadAssembly
Native extension for WindowsStandalone target not found
Refreshing native plugins compatible for Editor in 1.09 ms, found 1 plugins.
Preloading 0 native plugins for Editor in 0.00 ms.
Mono: successfully reloaded assembly
- Completed reload, in  2.733 seconds
Platform modules already initialized, skipping
Shader 'Universal Render Pipeline/Particles/Lit': fallback shader 'Universal Render Pipeline/Particles/SimpleLit' not found
Refreshing native plugins compatible for Editor in 0.92 ms, found 1 plugins.
Preloading 0 native plugins for Editor in 0.00 ms.
Unloading 3893 Unused Serialized files (Serialized files now loaded: 0)
System memory in use before: 151.5 MB.
System memory in use after: 151.7 MB.

Unloading 9 unused Assets to reduce memory usage. Loaded Objects now: 4469.
Total: 128.541300 ms (FindLiveObjects: 124.220500 ms CreateObjectMapping: 0.555800 ms MarkObjects: 3.737800 ms  DeleteObjects: 0.025100 ms)

========================================================================
Received Import Request.
  Time since last request: 83.031995 seconds.
  path: Assets/Scripts/View/PlayerAttack.cs
  artifactKey: Guid(19ae652f80683bd42854b48e2e16144e) Importer(815301076,1909f56bfc062723c751e8b465ee728b)
Start importing Assets/Scripts/View/PlayerAttack.cs using Guid(19ae652f80683bd42854b48e2e16144e) Importer(815301076,1909f56bfc062723c751e8b465ee728b)  -> (artifact id: '4effcbb52d648959973adc3b8e8a2bfb') in 0.034508 seconds 
========================================================================
Received Prepare
Registering precompiled user dll's ...
Registered in 0.016647 seconds.
Begin MonoManager ReloadAssembly
Native extension for WindowsStandalone target not found
Refreshing native plugins compatible for Editor in 0.94 ms, found 1 plugins.
Preloading 0 native plugins for Editor in 0.00 ms.
Mono: successfully reloaded assembly
- Completed reload, in  7.524 seconds
Platform modules already initialized, skipping
Shader 'Universal Render Pipeline/Particles/Lit': fallback shader 'Universal Render Pipeline/Particles/SimpleLit' not found
Refreshing native plugins compatible for Editor in 2.06 ms, found 1 plugins.
Preloading 0 native plugins for Editor in 0.00 ms.
Unloading 3893 Unused Serialized files (Serialized files now loaded: 0)
System memory in use before: 151.5 MB.
System memory in use after: 151.7 MB.

Unloading 9 unused Assets to reduce memory usage. Loaded Objects now: 4472.
Total: 10.807100 ms (FindLiveObjects: 1.257500 ms CreateObjectMapping: 2.326900 ms MarkObjects: 7.193000 ms  DeleteObjects: 0.027300 ms)

========================================================================
Received Prepare
Registering precompiled user dll's ...
Registered in 0.034612 seconds.
Begin MonoManager ReloadAssembly
Native extension for WindowsStandalone target not found
Refreshing native plugins compatible for Editor in 1.97 ms, found 1 plugins.
Preloading 0 native plugins for Editor in 0.00 ms.
Mono: successfully reloaded assembly
- Completed reload, in  5.694 seconds
Platform modules already initialized, skipping
Shader 'Universal Render Pipeline/Particles/Lit': fallback shader 'Universal Render Pipeline/Particles/SimpleLit' not found
Refreshing native plugins compatible for Editor in 1.08 ms, found 1 plugins.
Preloading 0 native plugins for Editor in 0.00 ms.
Unloading 3893 Unused Serialized files (Serialized files now loaded: 0)
System memory in use before: 151.5 MB.
System memory in use after: 151.7 MB.

Unloading 9 unused Assets to reduce memory usage. Loaded Objects now: 4475.
Total: 4.500100 ms (FindLiveObjects: 0.531600 ms CreateObjectMapping: 0.532100 ms MarkObjects: 3.408500 ms  DeleteObjects: 0.025000 ms)

========================================================================
Received Prepare
Registering precompiled user dll's ...
Registered in 0.019696 seconds.
Begin MonoManager ReloadAssembly
Native extension for WindowsStandalone target not found
Refreshing native plugins compatible for Editor in 1.12 ms, found 1 plugins.
Preloading 0 native plugins for Editor in 0.00 ms.
Mono: successfully reloaded assembly
- Completed reload, in  3.507 seconds
Platform modules already initialized, skipping
Shader 'Universal Render Pipeline/Particles/Lit': fallback shader 'Universal Render Pipeline/Particles/SimpleLit' not found
Refreshing native plugins compatible for Editor in 0.91 ms, found 1 plugins.
Preloading 0 native plugins for Editor in 0.00 ms.
Unloading 3893 Unused Serialized files (Serialized files now loaded: 0)
System memory in use before: 151.5 MB.
System memory in use after: 151.7 MB.

Unloading 9 unused Assets to reduce memory usage. Loaded Objects now: 4478.
Total: 4.884700 ms (FindLiveObjects: 0.497700 ms CreateObjectMapping: 0.434200 ms MarkObjects: 3.923000 ms  DeleteObjects: 0.026900 ms)

========================================================================
Received Import Request.
  Time since last request: 127.214673 seconds.
  path: Assets/Scripts/View/PlayerAttack.cs
  artifactKey: Guid(19ae652f80683bd42854b48e2e16144e) Importer(815301076,1909f56bfc062723c751e8b465ee728b)
Start importing Assets/Scripts/View/PlayerAttack.cs using Guid(19ae652f80683bd42854b48e2e16144e) Importer(815301076,1909f56bfc062723c751e8b465ee728b)  -> (artifact id: '3473c9af1a775d7251f9ca835d9a3317') in 0.024669 seconds 
========================================================================
Received Prepare
Registering precompiled user dll's ...
Registered in 0.007076 seconds.
Begin MonoManager ReloadAssembly
Native extension for WindowsStandalone target not found
Refreshing native plugins compatible for Editor in 4.51 ms, found 1 plugins.
Preloading 0 native plugins for Editor in 0.00 ms.
Mono: successfully reloaded assembly
- Completed reload, in  8.667 seconds
Platform modules already initialized, skipping
Shader 'Universal Render Pipeline/Particles/Lit': fallback shader 'Universal Render Pipeline/Particles/SimpleLit' not found
Refreshing native plugins compatible for Editor in 1.19 ms, found 1 plugins.
Preloading 0 native plugins for Editor in 0.00 ms.
Unloading 3893 Unused Serialized files (Serialized files now loaded: 0)
System memory in use before: 151.5 MB.
System memory in use after: 151.7 MB.

Unloading 9 unused Assets to reduce memory usage. Loaded Objects now: 4481.
Total: 72.316500 ms (FindLiveObjects: 0.580100 ms CreateObjectMapping: 0.527800 ms MarkObjects: 71.176200 ms  DeleteObjects: 0.029900 ms)

========================================================================
Received Prepare
Registering precompiled user dll's ...
Registered in 0.005608 seconds.
Begin MonoManager ReloadAssembly
Native extension for WindowsStandalone target not found
Refreshing native plugins compatible for Editor in 1.00 ms, found 1 plugins.
Preloading 0 native plugins for Editor in 0.00 ms.
Mono: successfully reloaded assembly
- Completed reload, in  3.546 seconds
Platform modules already initialized, skipping
Shader 'Universal Render Pipeline/Particles/Lit': fallback shader 'Universal Render Pipeline/Particles/SimpleLit' not found
Refreshing native plugins compatible for Editor in 2.11 ms, found 1 plugins.
Preloading 0 native plugins for Editor in 0.00 ms.
Unloading 3893 Unused Serialized files (Serialized files now loaded: 0)
System memory in use before: 151.5 MB.
System memory in use after: 151.7 MB.

Unloading 9 unused Assets to reduce memory usage. Loaded Objects now: 4484.
Total: 7.353600 ms (FindLiveObjects: 0.972500 ms CreateObjectMapping: 0.588700 ms MarkObjects: 5.725500 ms  DeleteObjects: 0.064800 ms)

========================================================================
Received Import Request.
  Time since last request: 87.077035 seconds.
  path: Assets/Scripts/View/PlayerAttack.cs
  artifactKey: Guid(19ae652f80683bd42854b48e2e16144e) Importer(815301076,1909f56bfc062723c751e8b465ee728b)
Start importing Assets/Scripts/View/PlayerAttack.cs using Guid(19ae652f80683bd42854b48e2e16144e) Importer(815301076,1909f56bfc062723c751e8b465ee728b)  -> (artifact id: '3bd773869880eb7b078f370331501e62') in 0.696039 seconds 
========================================================================
Received Prepare
Registering precompiled user dll's ...
Registered in 0.008965 seconds.
Begin MonoManager ReloadAssembly
Native extension for WindowsStandalone target not found
Refreshing native plugins compatible for Editor in 1.06 ms, found 1 plugins.
Preloading 0 native plugins for Editor in 0.00 ms.
Mono: successfully reloaded assembly
- Completed reload, in  3.954 seconds
Platform modules already initialized, skipping
Shader 'Universal Render Pipeline/Particles/Lit': fallback shader 'Universal Render Pipeline/Particles/SimpleLit' not found
Refreshing native plugins compatible for Editor in 1.41 ms, found 1 plugins.
Preloading 0 native plugins for Editor in 0.00 ms.
Unloading 3893 Unused Serialized files (Serialized files now loaded: 0)
System memory in use before: 151.5 MB.
System memory in use after: 151.7 MB.

Unloading 9 unused Assets to reduce memory usage. Loaded Objects now: 4487.
Total: 19.889300 ms (FindLiveObjects: 0.551700 ms CreateObjectMapping: 0.450200 ms MarkObjects: 18.855600 ms  DeleteObjects: 0.029400 ms)

========================================================================
Received Prepare
Registering precompiled user dll's ...
Registered in 0.006009 seconds.
Begin MonoManager ReloadAssembly
Native extension for WindowsStandalone target not found
Refreshing native plugins compatible for Editor in 1.19 ms, found 1 plugins.
Preloading 0 native plugins for Editor in 0.00 ms.
Mono: successfully reloaded assembly
- Completed reload, in  4.733 seconds
Platform modules already initialized, skipping
Shader 'Universal Render Pipeline/Particles/Lit': fallback shader 'Universal Render Pipeline/Particles/SimpleLit' not found
Refreshing native plugins compatible for Editor in 0.95 ms, found 1 plugins.
Preloading 0 native plugins for Editor in 0.00 ms.
Unloading 3893 Unused Serialized files (Serialized files now loaded: 0)
System memory in use before: 151.5 MB.
System memory in use after: 151.8 MB.

Unloading 9 unused Assets to reduce memory usage. Loaded Objects now: 4490.
Total: 3.657100 ms (FindLiveObjects: 0.402800 ms CreateObjectMapping: 0.217400 ms MarkObjects: 2.971700 ms  DeleteObjects: 0.062700 ms)

========================================================================
Received Import Request.
  Time since last request: 725.258758 seconds.
  path: Assets/Scripts/View/PlayerAttack.cs
  artifactKey: Guid(19ae652f80683bd42854b48e2e16144e) Importer(815301076,1909f56bfc062723c751e8b465ee728b)
Start importing Assets/Scripts/View/PlayerAttack.cs using Guid(19ae652f80683bd42854b48e2e16144e) Importer(815301076,1909f56bfc062723c751e8b465ee728b)  -> (artifact id: '81af959ec0a1db44f0b22f858ac4ecdb') in 0.038039 seconds 
========================================================================
Received Import Request.
  Time since last request: 7.684258 seconds.
  path: Assets/Scripts/Player.cs
  artifactKey: Guid(6d83e1ed85e890749a81b9b4989e4476) Importer(815301076,1909f56bfc062723c751e8b465ee728b)
Start importing Assets/Scripts/Player.cs using Guid(6d83e1ed85e890749a81b9b4989e4476) Importer(815301076,1909f56bfc062723c751e8b465ee728b)  -> (artifact id: 'aa71fcee0b44e35d35a0ab60bda55361') in 0.025692 seconds 
========================================================================
Received Prepare
Registering precompiled user dll's ...
Registered in 0.005108 seconds.
Begin MonoManager ReloadAssembly
Native extension for WindowsStandalone target not found
Refreshing native plugins compatible for Editor in 0.92 ms, found 1 plugins.
Preloading 0 native plugins for Editor in 0.00 ms.
Mono: successfully reloaded assembly
- Completed reload, in  5.711 seconds
Platform modules already initialized, skipping
Shader 'Universal Render Pipeline/Particles/Lit': fallback shader 'Universal Render Pipeline/Particles/SimpleLit' not found
Refreshing native plugins compatible for Editor in 5.16 ms, found 1 plugins.
Preloading 0 native plugins for Editor in 0.00 ms.
Unloading 3893 Unused Serialized files (Serialized files now loaded: 0)
System memory in use before: 151.5 MB.
System memory in use after: 151.8 MB.

Unloading 9 unused Assets to reduce memory usage. Loaded Objects now: 4493.
Total: 8.077700 ms (FindLiveObjects: 0.645700 ms CreateObjectMapping: 0.802700 ms MarkObjects: 6.596600 ms  DeleteObjects: 0.030000 ms)

